mode: atomic
github.com/smartatransit/third_rail/pkg/clients/marta_client/client.go:22.65,23.21 1 0
github.com/smartatransit/third_rail/pkg/clients/marta_client/client.go:27.2,27.18 1 0
github.com/smartatransit/third_rail/pkg/clients/marta_client/client.go:31.2,34.87 3 0
github.com/smartatransit/third_rail/pkg/clients/marta_client/client.go:23.21,25.3 1 0
github.com/smartatransit/third_rail/pkg/clients/marta_client/client.go:27.18,29.3 1 0
github.com/smartatransit/third_rail/pkg/clients/marta_client/client.go:37.71,39.93 2 0
github.com/smartatransit/third_rail/pkg/clients/marta_client/client.go:43.2,43.16 1 0
github.com/smartatransit/third_rail/pkg/clients/marta_client/client.go:47.2,47.55 1 0
github.com/smartatransit/third_rail/pkg/clients/marta_client/client.go:39.93,41.3 1 0
github.com/smartatransit/third_rail/pkg/clients/marta_client/client.go:43.16,45.3 1 0
github.com/smartatransit/third_rail/pkg/clients/marta_client/client.go:50.67,52.93 1 0
github.com/smartatransit/third_rail/pkg/clients/marta_client/client.go:71.2,71.51 1 0
github.com/smartatransit/third_rail/pkg/clients/marta_client/client.go:52.93,55.17 3 0
github.com/smartatransit/third_rail/pkg/clients/marta_client/client.go:58.3,61.17 3 0
github.com/smartatransit/third_rail/pkg/clients/marta_client/client.go:65.3,68.21 3 0
github.com/smartatransit/third_rail/pkg/clients/marta_client/client.go:55.17,57.4 1 0
github.com/smartatransit/third_rail/pkg/clients/marta_client/client.go:61.17,63.4 1 0
github.com/smartatransit/third_rail/pkg/transformers/locations.go:18.51,20.2 1 1
github.com/smartatransit/third_rail/pkg/transformers/locations.go:22.137,23.46 1 1
github.com/smartatransit/third_rail/pkg/transformers/locations.go:29.2,29.60 1 1
github.com/smartatransit/third_rail/pkg/transformers/locations.go:33.2,33.8 1 1
github.com/smartatransit/third_rail/pkg/transformers/locations.go:23.46,27.3 3 38
github.com/smartatransit/third_rail/pkg/transformers/locations.go:29.60,31.3 1 181
github.com/smartatransit/third_rail/pkg/transformers/locations.go:36.119,37.32 1 1
github.com/smartatransit/third_rail/pkg/transformers/locations.go:46.2,46.8 1 1
github.com/smartatransit/third_rail/pkg/transformers/locations.go:37.32,44.3 2 38
github.com/smartatransit/third_rail/pkg/transformers/locations.go:49.52,52.16 2 0
github.com/smartatransit/third_rail/pkg/transformers/locations.go:55.2,59.16 4 0
github.com/smartatransit/third_rail/pkg/transformers/locations.go:63.2,63.21 1 0
github.com/smartatransit/third_rail/pkg/transformers/locations.go:52.16,54.3 1 0
github.com/smartatransit/third_rail/pkg/transformers/locations.go:59.16,61.3 1 0
github.com/smartatransit/third_rail/pkg/transformers/locations.go:66.34,68.2 1 76
github.com/smartatransit/third_rail/pkg/transformers/locations.go:70.110,84.2 9 38
github.com/smartatransit/third_rail/pkg/controllers/static.go:23.105,30.47 5 0
github.com/smartatransit/third_rail/pkg/controllers/static.go:35.2,35.39 1 0
github.com/smartatransit/third_rail/pkg/controllers/static.go:30.47,33.3 2 0
github.com/smartatransit/third_rail/pkg/controllers/static.go:45.100,53.2 5 1
github.com/smartatransit/third_rail/pkg/controllers/static.go:62.105,71.2 5 1
github.com/smartatransit/third_rail/pkg/controllers/static.go:80.103,90.2 5 1
github.com/smartatransit/third_rail/pkg/controllers/static.go:102.91,111.37 5 1
github.com/smartatransit/third_rail/pkg/controllers/static.go:116.2,120.37 3 1
github.com/smartatransit/third_rail/pkg/controllers/static.go:111.37,114.3 2 0
github.com/smartatransit/third_rail/pkg/middleware/middleware.go:8.55,9.71 1 0
github.com/smartatransit/third_rail/pkg/middleware/middleware.go:9.71,11.24 1 0
github.com/smartatransit/third_rail/pkg/middleware/middleware.go:16.3,16.23 1 0
github.com/smartatransit/third_rail/pkg/middleware/middleware.go:11.24,13.4 1 0
github.com/smartatransit/third_rail/pkg/api/app.go:44.60,45.19 1 9
github.com/smartatransit/third_rail/pkg/api/app.go:61.2,61.15 1 9
github.com/smartatransit/third_rail/pkg/api/app.go:68.2,68.25 1 9
github.com/smartatransit/third_rail/pkg/api/app.go:45.19,56.17 4 0
github.com/smartatransit/third_rail/pkg/api/app.go:56.17,58.4 1 0
github.com/smartatransit/third_rail/pkg/api/app.go:61.15,64.3 2 9
github.com/smartatransit/third_rail/pkg/api/app.go:68.25,70.3 1 9
github.com/smartatransit/third_rail/pkg/api/app.go:70.8,71.29 1 0
github.com/smartatransit/third_rail/pkg/api/app.go:75.3,75.31 1 0
github.com/smartatransit/third_rail/pkg/api/app.go:79.3,86.14 7 0
github.com/smartatransit/third_rail/pkg/api/app.go:71.29,73.4 1 0
github.com/smartatransit/third_rail/pkg/api/app.go:75.31,77.4 1 0
github.com/smartatransit/third_rail/pkg/api/app.go:90.35,91.28 1 3
github.com/smartatransit/third_rail/pkg/api/app.go:95.2,99.75 5 3
github.com/smartatransit/third_rail/pkg/api/app.go:91.28,93.3 1 0
github.com/smartatransit/third_rail/pkg/api/app.go:102.37,106.81 4 4
github.com/smartatransit/third_rail/pkg/api/app.go:109.2,109.86 1 4
github.com/smartatransit/third_rail/pkg/api/app.go:112.2,112.84 1 4
github.com/smartatransit/third_rail/pkg/api/app.go:115.2,115.93 1 4
github.com/smartatransit/third_rail/pkg/api/app.go:106.81,108.3 1 1
github.com/smartatransit/third_rail/pkg/api/app.go:109.86,111.3 1 1
github.com/smartatransit/third_rail/pkg/api/app.go:112.84,114.3 1 1
github.com/smartatransit/third_rail/pkg/api/app.go:118.36,119.30 1 2
github.com/smartatransit/third_rail/pkg/api/app.go:123.2,126.91 4 2
github.com/smartatransit/third_rail/pkg/api/app.go:119.30,121.3 1 0
github.com/smartatransit/third_rail/pkg/api/app.go:129.36,132.81 3 0
github.com/smartatransit/third_rail/pkg/api/app.go:135.2,135.82 1 0
github.com/smartatransit/third_rail/pkg/api/app.go:132.81,134.3 1 0
github.com/smartatransit/third_rail/pkg/api/app.go:135.82,137.3 1 0
github.com/smartatransit/third_rail/pkg/api/app.go:140.38,142.2 1 0
github.com/smartatransit/third_rail/pkg/api/app.go:144.25,153.2 2 0
github.com/smartatransit/third_rail/pkg/validators/marta_entities.go:29.63,34.2 3 2
github.com/smartatransit/third_rail/pkg/validators/marta_entities.go:36.47,38.2 0 0
github.com/smartatransit/third_rail/pkg/validators/marta_entities.go:40.91,43.36 2 10
github.com/smartatransit/third_rail/pkg/validators/marta_entities.go:53.2,53.19 1 10
github.com/smartatransit/third_rail/pkg/validators/marta_entities.go:57.2,57.38 1 10
github.com/smartatransit/third_rail/pkg/validators/marta_entities.go:43.36,45.3 1 2
github.com/smartatransit/third_rail/pkg/validators/marta_entities.go:45.8,45.38 1 8
github.com/smartatransit/third_rail/pkg/validators/marta_entities.go:45.38,47.3 1 2
github.com/smartatransit/third_rail/pkg/validators/marta_entities.go:47.8,47.41 1 6
github.com/smartatransit/third_rail/pkg/validators/marta_entities.go:47.41,49.3 1 6
github.com/smartatransit/third_rail/pkg/validators/marta_entities.go:49.8,51.3 1 0
github.com/smartatransit/third_rail/pkg/validators/marta_entities.go:53.19,55.3 1 0
github.com/smartatransit/third_rail/pkg/validators/marta_entities.go:60.84,63.36 2 0
github.com/smartatransit/third_rail/pkg/validators/marta_entities.go:73.2,73.31 1 0
github.com/smartatransit/third_rail/pkg/validators/marta_entities.go:63.36,65.3 1 0
github.com/smartatransit/third_rail/pkg/validators/marta_entities.go:65.8,65.38 1 0
github.com/smartatransit/third_rail/pkg/validators/marta_entities.go:65.38,67.3 1 0
github.com/smartatransit/third_rail/pkg/validators/marta_entities.go:67.8,67.41 1 0
github.com/smartatransit/third_rail/pkg/validators/marta_entities.go:67.41,69.3 1 0
github.com/smartatransit/third_rail/pkg/validators/marta_entities.go:69.8,71.3 1 0
github.com/smartatransit/third_rail/pkg/validators/marta_entities.go:76.65,77.57 1 10
github.com/smartatransit/third_rail/pkg/validators/marta_entities.go:77.57,79.3 1 48
github.com/smartatransit/third_rail/pkg/controllers/rider.go:20.105,27.2 4 0
github.com/smartatransit/third_rail/pkg/controllers/rider.go:29.99,57.2 0 0
github.com/smartatransit/third_rail/pkg/clients/twitter_client/harness.go:7.66,9.2 1 2
github.com/smartatransit/third_rail/pkg/clients/twitter_client/harness.go:15.102,17.2 1 2
github.com/smartatransit/third_rail/pkg/transformers/static_schedule.go:16.63,19.16 2 0
github.com/smartatransit/third_rail/pkg/transformers/static_schedule.go:23.2,23.36 1 0
github.com/smartatransit/third_rail/pkg/transformers/static_schedule.go:19.16,21.3 1 0
github.com/smartatransit/third_rail/pkg/transformers/static_schedule.go:26.136,28.2 1 0
github.com/smartatransit/third_rail/pkg/transformers/static_schedule.go:30.99,31.35 1 0
github.com/smartatransit/third_rail/pkg/transformers/static_schedule.go:40.2,40.8 1 0
github.com/smartatransit/third_rail/pkg/transformers/static_schedule.go:31.35,38.3 2 0
github.com/smartatransit/third_rail/pkg/controllers/live.go:26.94,38.64 8 1
github.com/smartatransit/third_rail/pkg/controllers/live.go:44.2,44.33 1 1
github.com/smartatransit/third_rail/pkg/controllers/live.go:38.64,42.3 3 1
github.com/smartatransit/third_rail/pkg/controllers/live.go:55.97,69.70 9 1
github.com/smartatransit/third_rail/pkg/controllers/live.go:75.2,75.33 1 1
github.com/smartatransit/third_rail/pkg/controllers/live.go:69.70,73.3 3 1
github.com/smartatransit/third_rail/pkg/controllers/live.go:85.86,94.2 5 1
github.com/smartatransit/third_rail/pkg/seed/seed.go:9.24,80.2 50 9
github.com/smartatransit/third_rail/pkg/seed/seed.go:82.65,89.2 3 36
github.com/smartatransit/third_rail/pkg/seed/seed.go:91.86,99.2 4 36
github.com/smartatransit/third_rail/pkg/seed/seed.go:101.105,116.2 6 342
github.com/smartatransit/third_rail/pkg/clients/marta_client/harness.go:8.69,10.2 1 3
github.com/smartatransit/third_rail/pkg/clients/marta_client/harness.go:16.77,18.2 1 2
github.com/smartatransit/third_rail/pkg/clients/marta_client/harness.go:20.73,22.2 1 1
github.com/smartatransit/third_rail/pkg/clients/twitter_client/client.go:18.85,19.48 1 0
github.com/smartatransit/third_rail/pkg/clients/twitter_client/client.go:23.2,23.18 1 0
github.com/smartatransit/third_rail/pkg/clients/twitter_client/client.go:27.2,39.90 5 0
github.com/smartatransit/third_rail/pkg/clients/twitter_client/client.go:19.48,21.3 1 0
github.com/smartatransit/third_rail/pkg/clients/twitter_client/client.go:23.18,25.3 1 0
github.com/smartatransit/third_rail/pkg/clients/twitter_client/client.go:42.112,43.94 1 0
github.com/smartatransit/third_rail/pkg/clients/twitter_client/client.go:48.2,48.16 1 0
github.com/smartatransit/third_rail/pkg/clients/twitter_client/client.go:52.2,52.46 1 0
github.com/smartatransit/third_rail/pkg/clients/twitter_client/client.go:43.94,46.3 2 0
github.com/smartatransit/third_rail/pkg/clients/twitter_client/client.go:48.16,50.3 1 0
github.com/smartatransit/third_rail/pkg/models/models.go:108.38,147.2 30 9
github.com/smartatransit/third_rail/pkg/transformers/event.go:15.87,19.2 2 2
github.com/smartatransit/third_rail/pkg/transformers/event.go:21.82,26.16 4 2
github.com/smartatransit/third_rail/pkg/transformers/event.go:30.2,34.3 1 2
github.com/smartatransit/third_rail/pkg/transformers/event.go:26.16,28.3 1 0
github.com/smartatransit/third_rail/pkg/transformers/event.go:37.84,40.20 2 2
github.com/smartatransit/third_rail/pkg/transformers/event.go:44.2,46.20 2 2
github.com/smartatransit/third_rail/pkg/transformers/event.go:50.2,58.3 1 2
github.com/smartatransit/third_rail/pkg/transformers/event.go:40.20,42.3 1 0
github.com/smartatransit/third_rail/pkg/transformers/event.go:46.20,48.3 1 0
github.com/smartatransit/third_rail/pkg/transformers/event.go:61.91,62.31 1 1
github.com/smartatransit/third_rail/pkg/transformers/event.go:69.2,69.8 1 1
github.com/smartatransit/third_rail/pkg/transformers/event.go:62.31,64.47 2 2
github.com/smartatransit/third_rail/pkg/transformers/event.go:64.47,66.4 1 1
github.com/smartatransit/third_rail/pkg/transformers/event.go:72.100,73.31 1 1
github.com/smartatransit/third_rail/pkg/transformers/event.go:80.2,80.8 1 1
github.com/smartatransit/third_rail/pkg/transformers/event.go:73.31,75.53 2 2
github.com/smartatransit/third_rail/pkg/transformers/event.go:75.53,77.4 1 1
github.com/smartatransit/third_rail/pkg/controllers/smart.go:22.94,37.40 4 1
github.com/smartatransit/third_rail/pkg/controllers/smart.go:41.2,43.37 2 1
github.com/smartatransit/third_rail/pkg/controllers/smart.go:37.40,39.3 1 1
github.com/smartatransit/third_rail/pkg/controllers/smart.go:46.96,53.40 4 1
github.com/smartatransit/third_rail/pkg/controllers/smart.go:57.2,59.37 2 1
github.com/smartatransit/third_rail/pkg/controllers/smart.go:53.40,55.3 1 1
github.com/smartatransit/third_rail/pkg/controllers/smart.go:62.64,69.2 2 1
github.com/smartatransit/third_rail/pkg/controllers/smart.go:71.68,78.2 2 1
